 INFO | 2015-10-20 19:11:52,720 | Common.java | 72 | Startup activites...
 INFO | 2015-10-20 19:11:52,723 | Common.java | 72 | Test Output Directory creation successful :D:\POCs\Mobile\SWAUT 1.0-Android Demo\SWAUT 1.0-Android Demo\TestResults\2015_10_20_07_11_52_PM
 INFO | 2015-10-20 19:11:52,724 | Common.java | 72 | Log File creation successful : LogFile.log
 INFO | 2015-10-20 19:11:53,008 | Common.java | 72 | Getting value of Tc_Settings_Excelpath from Test Configuration file : ./data/TestCaseSettings.xls
 INFO | 2015-10-20 19:11:53,116 | Common.java | 72 | Getting value of TestDataFile from Test Configuration file : .\data\TestData.xls
 INFO | 2015-10-20 19:11:53,389 | Common.java | 72 | Getting value of ElementLoadWaitTime from Test Configuration file : 60
 INFO | 2015-10-20 19:11:53,389 | Common.java | 72 | Getting value of TextLoadWaitTime from Test Configuration file : 10
 INFO | 2015-10-20 19:11:53,390 | Common.java | 72 | Getting value of PageLoadWaitTime from Test Configuration file : 120
 INFO | 2015-10-20 19:11:53,390 | Common.java | 72 | Getting value of ImplicitlyWaitTime from Test Configuration file : 10
 INFO | 2015-10-20 19:11:53,390 | Common.java | 72 | Element time out set
 INFO | 2015-10-20 19:11:53,391 | Common.java | 72 | ##### Start of Test Case : Validate Addition #####
 WARN | 2015-10-20 19:11:53,391 | Common.java | 76 | Report step generation success : <B></B><h1><font color=SaddleBrown>Validate Addition</h1></font><br/>
 INFO | 2015-10-20 19:11:53,392 | Common.java | 72 | Getting value of AppName1 from Test Configuration file : Calculator
 INFO | 2015-10-20 19:11:53,392 | Common.java | 72 | Getting value of AppPackageName1 from Test Configuration file : com.android.calculator2
 INFO | 2015-10-20 19:11:53,393 | Common.java | 72 | Getting value of AppActivityName1 from Test Configuration file : com.android.calculator2.Calculator
 INFO | 2015-10-20 19:11:53,393 | Common.java | 72 | Getting value of PlatFormName from Test Configuration file : Android
 INFO | 2015-10-20 19:11:53,395 | Common.java | 72 | Getting value of IpAddress from Test Configuration file : 127.0.0.1
 INFO | 2015-10-20 19:11:53,396 | Common.java | 72 | Getting value of PortNumber from Test Configuration file : 4723
 INFO | 2015-10-20 19:11:53,397 | Common.java | 72 | Opening Calculator Application...
 INFO | 2015-10-20 19:11:53,398 | Common.java | 72 | Getting value of AppiumTimeOut from Test Configuration file : 500
 INFO | 2015-10-20 19:11:58,018 | Common.java | 72 | Getting value of ElementLoadWaitTime from Test Configuration file : 60
 INFO | 2015-10-20 19:11:58,018 | Common.java | 72 | Getting value of TextLoadWaitTime from Test Configuration file : 10
 INFO | 2015-10-20 19:11:58,018 | Common.java | 72 | Getting value of PageLoadWaitTime from Test Configuration file : 120
 INFO | 2015-10-20 19:11:58,019 | Common.java | 72 | Getting value of ImplicitlyWaitTime from Test Configuration file : 10
 INFO | 2015-10-20 19:11:58,021 | Common.java | 72 | Getting value of ImplicitlyWaitTime from Test Configuration file : 10
 INFO | 2015-10-20 19:11:58,029 | Common.java | 72 | Time out set
 INFO | 2015-10-20 19:11:58,029 | Common.java | 72 | Application: Open Successful: Calculator
 INFO | 2015-10-20 19:11:58,030 | Common.java | 72 | Report step generation success : Open Application: ''Calculator''
 INFO | 2015-10-20 19:11:59,893 | Common.java | 72 | Entered the integer1 ->45
 INFO | 2015-10-20 19:11:59,894 | Common.java | 72 | Report step generation success : Entered the integer1 ->45
 INFO | 2015-10-20 19:12:01,601 | Common.java | 72 | Entered the integer2 ->5
 INFO | 2015-10-20 19:12:01,601 | Common.java | 72 | Report step generation success : Entered the integer2 ->5
 INFO | 2015-10-20 19:12:02,208 | Common.java | 72 | Expected ->50, Actual->50
 INFO | 2015-10-20 19:12:02,208 | Common.java | 72 | Report step generation success : Expected ->50, Actual->50
 INFO | 2015-10-20 19:12:02,992 | Common.java | 72 | Getting value of ElementLoadWaitTime from Test Configuration file : 60
 INFO | 2015-10-20 19:12:02,992 | Common.java | 72 | Getting value of TextLoadWaitTime from Test Configuration file : 10
 INFO | 2015-10-20 19:12:02,992 | Common.java | 72 | Getting value of PageLoadWaitTime from Test Configuration file : 120
 INFO | 2015-10-20 19:12:02,993 | Common.java | 72 | Getting value of ImplicitlyWaitTime from Test Configuration file : 10
 INFO | 2015-10-20 19:12:02,993 | Common.java | 72 | Element time out set
 INFO | 2015-10-20 19:12:02,993 | Common.java | 72 | ##### Start of Test Case : Validate Substraction #####
 WARN | 2015-10-20 19:12:02,993 | Common.java | 76 | Report step generation success : <B></B><h1><font color=SaddleBrown>Validate Substraction</h1></font><br/>
 INFO | 2015-10-20 19:12:02,993 | Common.java | 72 | Getting value of AppName1 from Test Configuration file : Calculator
 INFO | 2015-10-20 19:12:02,993 | Common.java | 72 | Getting value of AppPackageName1 from Test Configuration file : com.android.calculator2
 INFO | 2015-10-20 19:12:02,994 | Common.java | 72 | Getting value of AppActivityName1 from Test Configuration file : com.android.calculator2.Calculator
 INFO | 2015-10-20 19:12:02,994 | Common.java | 72 | Getting value of PlatFormName from Test Configuration file : Android
 INFO | 2015-10-20 19:12:02,994 | Common.java | 72 | Getting value of IpAddress from Test Configuration file : 127.0.0.1
 INFO | 2015-10-20 19:12:02,994 | Common.java | 72 | Getting value of PortNumber from Test Configuration file : 4723
 INFO | 2015-10-20 19:12:02,995 | Common.java | 72 | Opening Calculator Application...
 INFO | 2015-10-20 19:12:02,995 | Common.java | 72 | Getting value of AppiumTimeOut from Test Configuration file : 500
ERROR | 2015-10-20 19:12:03,012 | Common.java | 80 | Browser: Open Failure/Navigation cancelled, please check the application window.
ERROR | 2015-10-20 19:12:03,019 | Common.java | 80 | org.openqa.selenium.SessionNotCreatedException: A new session could not be created. (Original error: Requested a new session but one was in progress) (WARNING: The server did not provide any stacktrace information)
Command duration or timeout: 11 milliseconds
Build info: version: '2.42.2', revision: '6a6995d', time: '2014-06-03 17:42:03'
System info: host: 'STI-L01-KISHORE', ip: '192.168.90.147', os.name: 'Windows 7', os.arch: 'amd64', os.version: '6.1', java.version: '1.8.0_60'
Driver info: io.appium.java_client.AppiumDriver
ERROR | 2015-10-20 19:12:03,020 | Common.java | 80 | Report step generation success : org.openqa.selenium.SessionNotCreatedException: A new session could not be created. (Original error: Requested a new session but one was in progress) (WARNING: The server did not provide any stacktrace information)
Command duration or timeout: 11 milliseconds
Build info: version: '2.42.2', revision: '6a6995d', time: '2014-06-03 17:42:03'
System info: host: 'STI-L01-KISHORE', ip: '192.168.90.147', os.name: 'Windows 7', os.arch: 'amd64', os.version: '6.1', java.version: '1.8.0_60'
Driver info: io.appium.java_client.AppiumDriver
ERROR | 2015-10-20 19:12:03,020 | Common.java | 80 | Open App : AppName
ERROR | 2015-10-20 19:12:03,020 | Common.java | 80 | Report step generation success : Open App : AppName
ERROR | 2015-10-20 19:12:03,032 | Common.java | 80 | Report step generation success : org.openqa.selenium.WebDriverException: ERROR running Appium command: Cannot call method 'shell' of null
Command duration or timeout: 9 milliseconds
Build info: version: '2.42.2', revision: '6a6995d', time: '2014-06-03 17:42:03'
System info: host: 'STI-L01-KISHORE', ip: '192.168.90.147', os.name: 'Windows 7', os.arch: 'amd64', os.version: '6.1', java.version: '1.8.0_60'
Driver info: io.appium.java_client.AppiumDriver
Capabilities [{appPackage=com.android.calculator2, networkConnectionEnabled=true, warnings={}, databaseEnabled=false, deviceName=TA64303CQW, platform=LINUX, appActivity=com.android.calculator2.Calculator, desired={appPackage=com.android.calculator2, appActivity=com.android.calculator2.Calculator, newCommandTimeout=500, platformName=Android, deviceName=Android}, newCommandTimeout=500, platformVersion=5.1, webStorageEnabled=false, locationContextEnabled=false, browserName=Android, takesScreenshot=true, javascriptEnabled=true, platformName=Android}]
Session ID: 2b46b795-face-49ff-ae44-f209130145d9
 INFO | 2015-10-20 19:12:03,354 | Common.java | 72 | Taken screenshot of failing screen
 INFO | 2015-10-20 19:12:03,354 | Common.java | 72 | Getting value of ExecuteRemainingStepsOnFailure(Yes/No) from Test Configuration file : No
 INFO | 2015-10-20 19:12:03,355 | Common.java | 72 | Getting value of ExecuteRemainingStepsOnFailure(Yes/No) from Test Configuration file : No
 INFO | 2015-10-20 19:12:03,363 | Common.java | 72 | Getting value of ElementLoadWaitTime from Test Configuration file : 60
 INFO | 2015-10-20 19:12:03,363 | Common.java | 72 | Getting value of TextLoadWaitTime from Test Configuration file : 10
 INFO | 2015-10-20 19:12:03,363 | Common.java | 72 | Getting value of PageLoadWaitTime from Test Configuration file : 120
 INFO | 2015-10-20 19:12:03,364 | Common.java | 72 | Getting value of ImplicitlyWaitTime from Test Configuration file : 10
 INFO | 2015-10-20 19:12:03,364 | Common.java | 72 | Element time out set
 INFO | 2015-10-20 19:12:03,364 | Common.java | 72 | ##### Start of Test Case : Validate Multiplication #####
 WARN | 2015-10-20 19:12:03,364 | Common.java | 76 | Report step generation success : <B></B><h1><font color=SaddleBrown>Validate Multiplication</h1></font><br/>
 INFO | 2015-10-20 19:12:03,364 | Common.java | 72 | Getting value of AppName1 from Test Configuration file : Calculator
 INFO | 2015-10-20 19:12:03,364 | Common.java | 72 | Getting value of AppPackageName1 from Test Configuration file : com.android.calculator2
 INFO | 2015-10-20 19:12:03,365 | Common.java | 72 | Getting value of AppActivityName1 from Test Configuration file : com.android.calculator2.Calculator
 INFO | 2015-10-20 19:12:03,365 | Common.java | 72 | Getting value of PlatFormName from Test Configuration file : Android
 INFO | 2015-10-20 19:12:03,365 | Common.java | 72 | Getting value of IpAddress from Test Configuration file : 127.0.0.1
 INFO | 2015-10-20 19:12:03,365 | Common.java | 72 | Getting value of PortNumber from Test Configuration file : 4723
 INFO | 2015-10-20 19:12:03,365 | Common.java | 72 | Opening Calculator Application...
 INFO | 2015-10-20 19:12:03,365 | Common.java | 72 | Getting value of AppiumTimeOut from Test Configuration file : 500
ERROR | 2015-10-20 19:12:03,372 | Common.java | 80 | Browser: Open Failure/Navigation cancelled, please check the application window.
ERROR | 2015-10-20 19:12:03,372 | Common.java | 80 | org.openqa.selenium.SessionNotCreatedException: A new session could not be created. (Original error: Requested a new session but one was in progress) (WARNING: The server did not provide any stacktrace information)
Command duration or timeout: 6 milliseconds
Build info: version: '2.42.2', revision: '6a6995d', time: '2014-06-03 17:42:03'
System info: host: 'STI-L01-KISHORE', ip: '192.168.90.147', os.name: 'Windows 7', os.arch: 'amd64', os.version: '6.1', java.version: '1.8.0_60'
Driver info: io.appium.java_client.AppiumDriver
ERROR | 2015-10-20 19:12:03,372 | Common.java | 80 | Report step generation success : org.openqa.selenium.SessionNotCreatedException: A new session could not be created. (Original error: Requested a new session but one was in progress) (WARNING: The server did not provide any stacktrace information)
Command duration or timeout: 6 milliseconds
Build info: version: '2.42.2', revision: '6a6995d', time: '2014-06-03 17:42:03'
System info: host: 'STI-L01-KISHORE', ip: '192.168.90.147', os.name: 'Windows 7', os.arch: 'amd64', os.version: '6.1', java.version: '1.8.0_60'
Driver info: io.appium.java_client.AppiumDriver
ERROR | 2015-10-20 19:12:03,372 | Common.java | 80 | Open App : AppName
ERROR | 2015-10-20 19:12:03,372 | Common.java | 80 | Report step generation success : Open App : AppName
ERROR | 2015-10-20 19:12:03,382 | Common.java | 80 | Report step generation success : org.openqa.selenium.WebDriverException: ERROR running Appium command: Cannot call method 'shell' of null
Command duration or timeout: 8 milliseconds
Build info: version: '2.42.2', revision: '6a6995d', time: '2014-06-03 17:42:03'
System info: host: 'STI-L01-KISHORE', ip: '192.168.90.147', os.name: 'Windows 7', os.arch: 'amd64', os.version: '6.1', java.version: '1.8.0_60'
Driver info: io.appium.java_client.AppiumDriver
Capabilities [{appPackage=com.android.calculator2, networkConnectionEnabled=true, warnings={}, databaseEnabled=false, deviceName=TA64303CQW, platform=LINUX, appActivity=com.android.calculator2.Calculator, desired={appPackage=com.android.calculator2, appActivity=com.android.calculator2.Calculator, newCommandTimeout=500, platformName=Android, deviceName=Android}, newCommandTimeout=500, platformVersion=5.1, webStorageEnabled=false, locationContextEnabled=false, browserName=Android, takesScreenshot=true, javascriptEnabled=true, platformName=Android}]
Session ID: 2b46b795-face-49ff-ae44-f209130145d9
 INFO | 2015-10-20 19:12:03,629 | Common.java | 72 | Taken screenshot of failing screen
 INFO | 2015-10-20 19:12:03,630 | Common.java | 72 | Getting value of ExecuteRemainingStepsOnFailure(Yes/No) from Test Configuration file : No
 INFO | 2015-10-20 19:12:03,630 | Common.java | 72 | Getting value of ExecuteRemainingStepsOnFailure(Yes/No) from Test Configuration file : No
 INFO | 2015-10-20 19:12:03,638 | Common.java | 72 | Getting value of ElementLoadWaitTime from Test Configuration file : 60
 INFO | 2015-10-20 19:12:03,638 | Common.java | 72 | Getting value of TextLoadWaitTime from Test Configuration file : 10
 INFO | 2015-10-20 19:12:03,638 | Common.java | 72 | Getting value of PageLoadWaitTime from Test Configuration file : 120
 INFO | 2015-10-20 19:12:03,639 | Common.java | 72 | Getting value of ImplicitlyWaitTime from Test Configuration file : 10
 INFO | 2015-10-20 19:12:03,639 | Common.java | 72 | Element time out set
 INFO | 2015-10-20 19:12:03,639 | Common.java | 72 | ##### Start of Test Case : Validate Division #####
 WARN | 2015-10-20 19:12:03,639 | Common.java | 76 | Report step generation success : <B></B><h1><font color=SaddleBrown>Validate Division</h1></font><br/>
 INFO | 2015-10-20 19:12:03,639 | Common.java | 72 | Getting value of AppName1 from Test Configuration file : Calculator
 INFO | 2015-10-20 19:12:03,640 | Common.java | 72 | Getting value of AppPackageName1 from Test Configuration file : com.android.calculator2
 INFO | 2015-10-20 19:12:03,640 | Common.java | 72 | Getting value of AppActivityName1 from Test Configuration file : com.android.calculator2.Calculator
 INFO | 2015-10-20 19:12:03,640 | Common.java | 72 | Getting value of PlatFormName from Test Configuration file : Android
 INFO | 2015-10-20 19:12:03,641 | Common.java | 72 | Getting value of IpAddress from Test Configuration file : 127.0.0.1
 INFO | 2015-10-20 19:12:03,641 | Common.java | 72 | Getting value of PortNumber from Test Configuration file : 4723
 INFO | 2015-10-20 19:12:03,641 | Common.java | 72 | Opening Calculator Application...
 INFO | 2015-10-20 19:12:03,641 | Common.java | 72 | Getting value of AppiumTimeOut from Test Configuration file : 500
ERROR | 2015-10-20 19:12:03,651 | Common.java | 80 | Browser: Open Failure/Navigation cancelled, please check the application window.
ERROR | 2015-10-20 19:12:03,652 | Common.java | 80 | org.openqa.selenium.SessionNotCreatedException: A new session could not be created. (Original error: Requested a new session but one was in progress) (WARNING: The server did not provide any stacktrace information)
Command duration or timeout: 8 milliseconds
Build info: version: '2.42.2', revision: '6a6995d', time: '2014-06-03 17:42:03'
System info: host: 'STI-L01-KISHORE', ip: '192.168.90.147', os.name: 'Windows 7', os.arch: 'amd64', os.version: '6.1', java.version: '1.8.0_60'
Driver info: io.appium.java_client.AppiumDriver
ERROR | 2015-10-20 19:12:03,652 | Common.java | 80 | Report step generation success : org.openqa.selenium.SessionNotCreatedException: A new session could not be created. (Original error: Requested a new session but one was in progress) (WARNING: The server did not provide any stacktrace information)
Command duration or timeout: 8 milliseconds
Build info: version: '2.42.2', revision: '6a6995d', time: '2014-06-03 17:42:03'
System info: host: 'STI-L01-KISHORE', ip: '192.168.90.147', os.name: 'Windows 7', os.arch: 'amd64', os.version: '6.1', java.version: '1.8.0_60'
Driver info: io.appium.java_client.AppiumDriver
ERROR | 2015-10-20 19:12:03,653 | Common.java | 80 | Open App : AppName
ERROR | 2015-10-20 19:12:03,653 | Common.java | 80 | Report step generation success : Open App : AppName
ERROR | 2015-10-20 19:12:03,663 | Common.java | 80 | Report step generation success : org.openqa.selenium.WebDriverException: ERROR running Appium command: Cannot call method 'shell' of null
Command duration or timeout: 10 milliseconds
Build info: version: '2.42.2', revision: '6a6995d', time: '2014-06-03 17:42:03'
System info: host: 'STI-L01-KISHORE', ip: '192.168.90.147', os.name: 'Windows 7', os.arch: 'amd64', os.version: '6.1', java.version: '1.8.0_60'
Driver info: io.appium.java_client.AppiumDriver
Capabilities [{appPackage=com.android.calculator2, networkConnectionEnabled=true, warnings={}, databaseEnabled=false, deviceName=TA64303CQW, platform=LINUX, appActivity=com.android.calculator2.Calculator, desired={appPackage=com.android.calculator2, appActivity=com.android.calculator2.Calculator, newCommandTimeout=500, platformName=Android, deviceName=Android}, newCommandTimeout=500, platformVersion=5.1, webStorageEnabled=false, locationContextEnabled=false, browserName=Android, takesScreenshot=true, javascriptEnabled=true, platformName=Android}]
Session ID: 2b46b795-face-49ff-ae44-f209130145d9
 INFO | 2015-10-20 19:12:03,886 | Common.java | 72 | Taken screenshot of failing screen
 INFO | 2015-10-20 19:12:03,886 | Common.java | 72 | Getting value of ExecuteRemainingStepsOnFailure(Yes/No) from Test Configuration file : No
 INFO | 2015-10-20 19:12:03,887 | Common.java | 72 | Getting value of ExecuteRemainingStepsOnFailure(Yes/No) from Test Configuration file : No
 INFO | 2015-10-20 19:12:03,892 | Common.java | 72 | Getting value of ElementLoadWaitTime from Test Configuration file : 60
 INFO | 2015-10-20 19:12:03,892 | Common.java | 72 | Getting value of TextLoadWaitTime from Test Configuration file : 10
 INFO | 2015-10-20 19:12:03,892 | Common.java | 72 | Getting value of PageLoadWaitTime from Test Configuration file : 120
 INFO | 2015-10-20 19:12:03,892 | Common.java | 72 | Getting value of ImplicitlyWaitTime from Test Configuration file : 10
 INFO | 2015-10-20 19:12:03,892 | Common.java | 72 | Element time out set
 INFO | 2015-10-20 19:12:03,892 | Common.java | 72 | ##### Start of Test Case : Launch & Send Message #####
 WARN | 2015-10-20 19:12:03,893 | Common.java | 76 | Report step generation success : <B></B><h1><font color=SaddleBrown>Launch & Send Message</h1></font><br/>
 INFO | 2015-10-20 19:12:03,897 | Common.java | 72 | Getting value of AppName2 from Test Configuration file : Viber
 INFO | 2015-10-20 19:12:03,897 | Common.java | 72 | Getting value of AppPackageName2 from Test Configuration file : com.viber.voip
 INFO | 2015-10-20 19:12:03,897 | Common.java | 72 | Getting value of AppActivityName2 from Test Configuration file : com.viber.voip.WelcomeActivity
 INFO | 2015-10-20 19:12:03,898 | Common.java | 72 | Getting value of PlatFormName from Test Configuration file : Android
 INFO | 2015-10-20 19:12:03,898 | Common.java | 72 | Getting value of IpAddress from Test Configuration file : 127.0.0.1
 INFO | 2015-10-20 19:12:03,898 | Common.java | 72 | Getting value of PortNumber from Test Configuration file : 4723
 INFO | 2015-10-20 19:12:03,898 | Common.java | 72 | Opening Viber Application...
 INFO | 2015-10-20 19:12:03,898 | Common.java | 72 | Getting value of AppiumTimeOut from Test Configuration file : 500
