 INFO | 2015-10-20 19:11:37,562 | Common.java | 72 | Startup activites...
 INFO | 2015-10-20 19:11:37,565 | Common.java | 72 | Test Output Directory creation successful :D:\POCs\Mobile\SWAUT 1.0-Android Demo\SWAUT 1.0-Android Demo\TestResults\2015_10_20_07_11_37_PM
 INFO | 2015-10-20 19:11:37,565 | Common.java | 72 | Log File creation successful : LogFile.log
 INFO | 2015-10-20 19:11:37,837 | Common.java | 72 | Getting value of Tc_Settings_Excelpath from Test Configuration file : ./data/TestCaseSettings.xls
 INFO | 2015-10-20 19:11:37,940 | Common.java | 72 | Getting value of TestDataFile from Test Configuration file : .\data\TestData.xls
 INFO | 2015-10-20 19:11:38,218 | Common.java | 72 | Getting value of ElementLoadWaitTime from Test Configuration file : 60
 INFO | 2015-10-20 19:11:38,219 | Common.java | 72 | Getting value of TextLoadWaitTime from Test Configuration file : 10
 INFO | 2015-10-20 19:11:38,219 | Common.java | 72 | Getting value of PageLoadWaitTime from Test Configuration file : 120
 INFO | 2015-10-20 19:11:38,219 | Common.java | 72 | Getting value of ImplicitlyWaitTime from Test Configuration file : 10
 INFO | 2015-10-20 19:11:38,219 | Common.java | 72 | Element time out set
 INFO | 2015-10-20 19:11:38,220 | Common.java | 72 | ##### Start of Test Case : Validate Addition #####
 WARN | 2015-10-20 19:11:38,220 | Common.java | 76 | Report step generation success : <B></B><h1><font color=SaddleBrown>Validate Addition</h1></font><br/>
 INFO | 2015-10-20 19:11:38,221 | Common.java | 72 | Getting value of AppName1 from Test Configuration file : Calculator
 INFO | 2015-10-20 19:11:38,221 | Common.java | 72 | Getting value of AppPackageName1 from Test Configuration file : com.android.calculator2
 INFO | 2015-10-20 19:11:38,222 | Common.java | 72 | Getting value of AppActivityName1 from Test Configuration file : com.android.calculator2.Calculator
 INFO | 2015-10-20 19:11:38,222 | Common.java | 72 | Getting value of PlatFormName from Test Configuration file : Android
 INFO | 2015-10-20 19:11:38,224 | Common.java | 72 | Getting value of IpAddress from Test Configuration file : 127.0.0.1
 INFO | 2015-10-20 19:11:38,225 | Common.java | 72 | Getting value of PortNumber from Test Configuration file : 4723
 INFO | 2015-10-20 19:11:38,225 | Common.java | 72 | Opening Calculator Application...
 INFO | 2015-10-20 19:11:38,227 | Common.java | 72 | Getting value of AppiumTimeOut from Test Configuration file : 500
ERROR | 2015-10-20 19:11:38,644 | Common.java | 80 | Browser: Open Failure/Navigation cancelled, please check the application window.
ERROR | 2015-10-20 19:11:38,650 | Common.java | 80 | org.openqa.selenium.SessionNotCreatedException: A new session could not be created. (Original error: Requested a new session but one was in progress) (WARNING: The server did not provide any stacktrace information)
Command duration or timeout: 128 milliseconds
Build info: version: '2.42.2', revision: '6a6995d', time: '2014-06-03 17:42:03'
System info: host: 'STI-L01-KISHORE', ip: '192.168.90.147', os.name: 'Windows 7', os.arch: 'amd64', os.version: '6.1', java.version: '1.8.0_60'
Driver info: io.appium.java_client.AppiumDriver
ERROR | 2015-10-20 19:11:38,650 | Common.java | 80 | Report step generation success : org.openqa.selenium.SessionNotCreatedException: A new session could not be created. (Original error: Requested a new session but one was in progress) (WARNING: The server did not provide any stacktrace information)
Command duration or timeout: 128 milliseconds
Build info: version: '2.42.2', revision: '6a6995d', time: '2014-06-03 17:42:03'
System info: host: 'STI-L01-KISHORE', ip: '192.168.90.147', os.name: 'Windows 7', os.arch: 'amd64', os.version: '6.1', java.version: '1.8.0_60'
Driver info: io.appium.java_client.AppiumDriver
ERROR | 2015-10-20 19:11:38,651 | Common.java | 80 | Open App : AppName
ERROR | 2015-10-20 19:11:38,651 | Common.java | 80 | Report step generation success : Open App : AppName
ERROR | 2015-10-20 19:11:38,717 | Common.java | 80 | java.lang.NullPointerException
ERROR | 2015-10-20 19:11:38,719 | Common.java | 80 | Report step generation success : java.lang.NullPointerException
 INFO | 2015-10-20 19:11:38,720 | Common.java | 72 | Getting value of ElementLoadWaitTime from Test Configuration file : 60
 INFO | 2015-10-20 19:11:38,721 | Common.java | 72 | Getting value of TextLoadWaitTime from Test Configuration file : 10
 INFO | 2015-10-20 19:11:38,721 | Common.java | 72 | Getting value of PageLoadWaitTime from Test Configuration file : 120
 INFO | 2015-10-20 19:11:38,721 | Common.java | 72 | Getting value of ImplicitlyWaitTime from Test Configuration file : 10
 INFO | 2015-10-20 19:11:38,721 | Common.java | 72 | Element time out set
 INFO | 2015-10-20 19:11:38,722 | Common.java | 72 | ##### Start of Test Case : Validate Substraction #####
 WARN | 2015-10-20 19:11:38,722 | Common.java | 76 | Report step generation success : <B></B><h1><font color=SaddleBrown>Validate Substraction</h1></font><br/>
 INFO | 2015-10-20 19:11:38,723 | Common.java | 72 | Getting value of AppName1 from Test Configuration file : Calculator
 INFO | 2015-10-20 19:11:38,723 | Common.java | 72 | Getting value of AppPackageName1 from Test Configuration file : com.android.calculator2
 INFO | 2015-10-20 19:11:38,724 | Common.java | 72 | Getting value of AppActivityName1 from Test Configuration file : com.android.calculator2.Calculator
 INFO | 2015-10-20 19:11:38,724 | Common.java | 72 | Getting value of PlatFormName from Test Configuration file : Android
 INFO | 2015-10-20 19:11:38,725 | Common.java | 72 | Getting value of IpAddress from Test Configuration file : 127.0.0.1
 INFO | 2015-10-20 19:11:38,725 | Common.java | 72 | Getting value of PortNumber from Test Configuration file : 4723
 INFO | 2015-10-20 19:11:38,725 | Common.java | 72 | Opening Calculator Application...
 INFO | 2015-10-20 19:11:38,725 | Common.java | 72 | Getting value of AppiumTimeOut from Test Configuration file : 500
ERROR | 2015-10-20 19:11:38,748 | Common.java | 80 | Browser: Open Failure/Navigation cancelled, please check the application window.
ERROR | 2015-10-20 19:11:38,748 | Common.java | 80 | org.openqa.selenium.SessionNotCreatedException: A new session could not be created. (Original error: Requested a new session but one was in progress) (WARNING: The server did not provide any stacktrace information)
Command duration or timeout: 20 milliseconds
Build info: version: '2.42.2', revision: '6a6995d', time: '2014-06-03 17:42:03'
System info: host: 'STI-L01-KISHORE', ip: '192.168.90.147', os.name: 'Windows 7', os.arch: 'amd64', os.version: '6.1', java.version: '1.8.0_60'
Driver info: io.appium.java_client.AppiumDriver
ERROR | 2015-10-20 19:11:38,751 | Common.java | 80 | Report step generation success : org.openqa.selenium.SessionNotCreatedException: A new session could not be created. (Original error: Requested a new session but one was in progress) (WARNING: The server did not provide any stacktrace information)
Command duration or timeout: 20 milliseconds
Build info: version: '2.42.2', revision: '6a6995d', time: '2014-06-03 17:42:03'
System info: host: 'STI-L01-KISHORE', ip: '192.168.90.147', os.name: 'Windows 7', os.arch: 'amd64', os.version: '6.1', java.version: '1.8.0_60'
Driver info: io.appium.java_client.AppiumDriver
ERROR | 2015-10-20 19:11:38,751 | Common.java | 80 | Open App : AppName
ERROR | 2015-10-20 19:11:38,751 | Common.java | 80 | Report step generation success : Open App : AppName
ERROR | 2015-10-20 19:11:38,764 | Common.java | 80 | java.lang.NullPointerException
ERROR | 2015-10-20 19:11:38,765 | Common.java | 80 | Report step generation success : java.lang.NullPointerException
 INFO | 2015-10-20 19:11:38,766 | Common.java | 72 | Getting value of ElementLoadWaitTime from Test Configuration file : 60
 INFO | 2015-10-20 19:11:38,766 | Common.java | 72 | Getting value of TextLoadWaitTime from Test Configuration file : 10
 INFO | 2015-10-20 19:11:38,766 | Common.java | 72 | Getting value of PageLoadWaitTime from Test Configuration file : 120
 INFO | 2015-10-20 19:11:38,767 | Common.java | 72 | Getting value of ImplicitlyWaitTime from Test Configuration file : 10
 INFO | 2015-10-20 19:11:38,767 | Common.java | 72 | Element time out set
 INFO | 2015-10-20 19:11:38,767 | Common.java | 72 | ##### Start of Test Case : Validate Multiplication #####
 WARN | 2015-10-20 19:11:38,767 | Common.java | 76 | Report step generation success : <B></B><h1><font color=SaddleBrown>Validate Multiplication</h1></font><br/>
 INFO | 2015-10-20 19:11:38,767 | Common.java | 72 | Getting value of AppName1 from Test Configuration file : Calculator
 INFO | 2015-10-20 19:11:38,768 | Common.java | 72 | Getting value of AppPackageName1 from Test Configuration file : com.android.calculator2
 INFO | 2015-10-20 19:11:38,768 | Common.java | 72 | Getting value of AppActivityName1 from Test Configuration file : com.android.calculator2.Calculator
 INFO | 2015-10-20 19:11:38,768 | Common.java | 72 | Getting value of PlatFormName from Test Configuration file : Android
 INFO | 2015-10-20 19:11:38,769 | Common.java | 72 | Getting value of IpAddress from Test Configuration file : 127.0.0.1
 INFO | 2015-10-20 19:11:38,769 | Common.java | 72 | Getting value of PortNumber from Test Configuration file : 4723
 INFO | 2015-10-20 19:11:38,769 | Common.java | 72 | Opening Calculator Application...
 INFO | 2015-10-20 19:11:38,770 | Common.java | 72 | Getting value of AppiumTimeOut from Test Configuration file : 500
ERROR | 2015-10-20 19:11:38,782 | Common.java | 80 | Browser: Open Failure/Navigation cancelled, please check the application window.
ERROR | 2015-10-20 19:11:38,783 | Common.java | 80 | org.openqa.selenium.SessionNotCreatedException: A new session could not be created. (Original error: Requested a new session but one was in progress) (WARNING: The server did not provide any stacktrace information)
Command duration or timeout: 11 milliseconds
Build info: version: '2.42.2', revision: '6a6995d', time: '2014-06-03 17:42:03'
System info: host: 'STI-L01-KISHORE', ip: '192.168.90.147', os.name: 'Windows 7', os.arch: 'amd64', os.version: '6.1', java.version: '1.8.0_60'
Driver info: io.appium.java_client.AppiumDriver
ERROR | 2015-10-20 19:11:38,783 | Common.java | 80 | Report step generation success : org.openqa.selenium.SessionNotCreatedException: A new session could not be created. (Original error: Requested a new session but one was in progress) (WARNING: The server did not provide any stacktrace information)
Command duration or timeout: 11 milliseconds
Build info: version: '2.42.2', revision: '6a6995d', time: '2014-06-03 17:42:03'
System info: host: 'STI-L01-KISHORE', ip: '192.168.90.147', os.name: 'Windows 7', os.arch: 'amd64', os.version: '6.1', java.version: '1.8.0_60'
Driver info: io.appium.java_client.AppiumDriver
ERROR | 2015-10-20 19:11:38,784 | Common.java | 80 | Open App : AppName
ERROR | 2015-10-20 19:11:38,784 | Common.java | 80 | Report step generation success : Open App : AppName
ERROR | 2015-10-20 19:11:38,786 | Common.java | 80 | java.lang.NullPointerException
ERROR | 2015-10-20 19:11:38,786 | Common.java | 80 | Report step generation success : java.lang.NullPointerException
 INFO | 2015-10-20 19:11:38,788 | Common.java | 72 | Getting value of ElementLoadWaitTime from Test Configuration file : 60
 INFO | 2015-10-20 19:11:38,788 | Common.java | 72 | Getting value of TextLoadWaitTime from Test Configuration file : 10
 INFO | 2015-10-20 19:11:38,789 | Common.java | 72 | Getting value of PageLoadWaitTime from Test Configuration file : 120
 INFO | 2015-10-20 19:11:38,789 | Common.java | 72 | Getting value of ImplicitlyWaitTime from Test Configuration file : 10
 INFO | 2015-10-20 19:11:38,789 | Common.java | 72 | Element time out set
 INFO | 2015-10-20 19:11:38,790 | Common.java | 72 | ##### Start of Test Case : Validate Division #####
 WARN | 2015-10-20 19:11:38,790 | Common.java | 76 | Report step generation success : <B></B><h1><font color=SaddleBrown>Validate Division</h1></font><br/>
 INFO | 2015-10-20 19:11:38,790 | Common.java | 72 | Getting value of AppName1 from Test Configuration file : Calculator
 INFO | 2015-10-20 19:11:38,791 | Common.java | 72 | Getting value of AppPackageName1 from Test Configuration file : com.android.calculator2
 INFO | 2015-10-20 19:11:38,791 | Common.java | 72 | Getting value of AppActivityName1 from Test Configuration file : com.android.calculator2.Calculator
 INFO | 2015-10-20 19:11:38,791 | Common.java | 72 | Getting value of PlatFormName from Test Configuration file : Android
 INFO | 2015-10-20 19:11:38,792 | Common.java | 72 | Getting value of IpAddress from Test Configuration file : 127.0.0.1
 INFO | 2015-10-20 19:11:38,792 | Common.java | 72 | Getting value of PortNumber from Test Configuration file : 4723
 INFO | 2015-10-20 19:11:38,792 | Common.java | 72 | Opening Calculator Application...
 INFO | 2015-10-20 19:11:38,792 | Common.java | 72 | Getting value of AppiumTimeOut from Test Configuration file : 500
ERROR | 2015-10-20 19:11:38,804 | Common.java | 80 | Browser: Open Failure/Navigation cancelled, please check the application window.
ERROR | 2015-10-20 19:11:38,804 | Common.java | 80 | org.openqa.selenium.SessionNotCreatedException: A new session could not be created. (Original error: Requested a new session but one was in progress) (WARNING: The server did not provide any stacktrace information)
Command duration or timeout: 10 milliseconds
Build info: version: '2.42.2', revision: '6a6995d', time: '2014-06-03 17:42:03'
System info: host: 'STI-L01-KISHORE', ip: '192.168.90.147', os.name: 'Windows 7', os.arch: 'amd64', os.version: '6.1', java.version: '1.8.0_60'
Driver info: io.appium.java_client.AppiumDriver
ERROR | 2015-10-20 19:11:38,805 | Common.java | 80 | Report step generation success : org.openqa.selenium.SessionNotCreatedException: A new session could not be created. (Original error: Requested a new session but one was in progress) (WARNING: The server did not provide any stacktrace information)
Command duration or timeout: 10 milliseconds
Build info: version: '2.42.2', revision: '6a6995d', time: '2014-06-03 17:42:03'
System info: host: 'STI-L01-KISHORE', ip: '192.168.90.147', os.name: 'Windows 7', os.arch: 'amd64', os.version: '6.1', java.version: '1.8.0_60'
Driver info: io.appium.java_client.AppiumDriver
ERROR | 2015-10-20 19:11:38,805 | Common.java | 80 | Open App : AppName
ERROR | 2015-10-20 19:11:38,805 | Common.java | 80 | Report step generation success : Open App : AppName
ERROR | 2015-10-20 19:11:38,812 | Common.java | 80 | java.lang.NullPointerException
ERROR | 2015-10-20 19:11:38,812 | Common.java | 80 | Report step generation success : java.lang.NullPointerException
 INFO | 2015-10-20 19:11:38,814 | Common.java | 72 | Getting value of ElementLoadWaitTime from Test Configuration file : 60
 INFO | 2015-10-20 19:11:38,816 | Common.java | 72 | Getting value of TextLoadWaitTime from Test Configuration file : 10
 INFO | 2015-10-20 19:11:38,816 | Common.java | 72 | Getting value of PageLoadWaitTime from Test Configuration file : 120
 INFO | 2015-10-20 19:11:38,817 | Common.java | 72 | Getting value of ImplicitlyWaitTime from Test Configuration file : 10
 INFO | 2015-10-20 19:11:38,817 | Common.java | 72 | Element time out set
 INFO | 2015-10-20 19:11:38,817 | Common.java | 72 | ##### Start of Test Case : Launch & Send Message #####
 WARN | 2015-10-20 19:11:38,817 | Common.java | 76 | Report step generation success : <B></B><h1><font color=SaddleBrown>Launch & Send Message</h1></font><br/>
ERROR | 2015-10-20 19:11:38,819 | Common.java | 80 | java.lang.NullPointerException
ERROR | 2015-10-20 19:11:38,819 | Common.java | 80 | Report step generation success : java.lang.NullPointerException
 INFO | 2015-10-20 19:11:38,822 | Common.java | 72 | Getting value of ElementLoadWaitTime from Test Configuration file : 60
 INFO | 2015-10-20 19:11:38,822 | Common.java | 72 | Getting value of TextLoadWaitTime from Test Configuration file : 10
 INFO | 2015-10-20 19:11:38,823 | Common.java | 72 | Getting value of PageLoadWaitTime from Test Configuration file : 120
 INFO | 2015-10-20 19:11:38,823 | Common.java | 72 | Getting value of ImplicitlyWaitTime from Test Configuration file : 10
 INFO | 2015-10-20 19:11:38,823 | Common.java | 72 | Element time out set
 INFO | 2015-10-20 19:11:38,823 | Common.java | 72 | ##### Start of Test Case : Viber Menu Navigation #####
 WARN | 2015-10-20 19:11:38,824 | Common.java | 76 | Report step generation success : <B></B><h1><font color=SaddleBrown>Viber Menu Navigation</h1></font><br/>
ERROR | 2015-10-20 19:11:38,825 | Common.java | 80 | java.lang.NullPointerException
ERROR | 2015-10-20 19:11:38,825 | Common.java | 80 | Report step generation success : java.lang.NullPointerException
 INFO | 2015-10-20 19:11:38,828 | Common.java | 72 | Getting value of ElementLoadWaitTime from Test Configuration file : 60
 INFO | 2015-10-20 19:11:38,829 | Common.java | 72 | Getting value of TextLoadWaitTime from Test Configuration file : 10
 INFO | 2015-10-20 19:11:38,829 | Common.java | 72 | Getting value of PageLoadWaitTime from Test Configuration file : 120
 INFO | 2015-10-20 19:11:38,830 | Common.java | 72 | Getting value of ImplicitlyWaitTime from Test Configuration file : 10
 INFO | 2015-10-20 19:11:38,830 | Common.java | 72 | Element time out set
 INFO | 2015-10-20 19:11:38,830 | Common.java | 72 | ##### Start of Test Case : Verify Book Flight #####
 WARN | 2015-10-20 19:11:38,830 | Common.java | 76 | Report step generation success : <B></B><h1><font color=SaddleBrown>Verify Book Flight</h1></font><br/>
 INFO | 2015-10-20 19:11:38,987 | Common.java | 72 | Getting value of Project_Name from Test Configuration file : Android Demo
 INFO | 2015-10-20 19:11:38,987 | Common.java | 72 | Getting value of Version_Name from Test Configuration file : 1.7
 INFO | 2015-10-20 19:11:38,988 | Common.java | 72 | Getting value of ToEmail from Test Configuration file : 
 INFO | 2015-10-20 19:11:38,988 | Common.java | 72 | Getting value of CcEmail from Test Configuration file : 
 INFO | 2015-10-20 19:11:39,294 | Common.java | 72 | Getting value of indium_logo_path from Test Configuration file : .\\Logos\\Sun.jpg
 INFO | 2015-10-20 19:11:39,295 | Common.java | 72 | Getting value of client_logo_path from Test Configuration file : .\\Logos\\AndroidLogo.JPG
 INFO | 2015-10-20 19:11:39,295 | Common.java | 72 | Getting value of indium_logo_path from Test Configuration file : .\\Logos\\Sun.jpg
 INFO | 2015-10-20 19:11:39,295 | Common.java | 72 | Getting value of client_logo_path from Test Configuration file : .\\Logos\\AndroidLogo.JPG
 INFO | 2015-10-20 19:11:39,304 | Common.java | 72 | Cleanup activites...
 INFO | 2015-10-20 19:11:39,304 | Common.java | 72 | Cleanup activities - Done...
 INFO | 2015-10-20 19:11:39,304 | Common.java | 72 | Getting value of SendMail(Yes/No) from Test Configuration file : No
 INFO | 2015-10-20 19:11:39,304 | Common.java | 72 | Getting value of SendMsg(Yes/No) from Test Configuration file : No
 INFO | 2015-10-20 19:11:39,305 | Common.java | 72 | Getting value of VoiceCall(Yes/No) from Test Configuration file : No
 INFO | 2015-10-20 19:11:39,305 | Common.java | 72 | ###################################
 INFO | 2015-10-20 19:11:39,305 | Common.java | 72 | Script Execution Complete
 INFO | 2015-10-20 19:11:39,305 | Common.java | 72 | ####################################
